<?xml version="1.0" encoding="UTF-8"?>
<testng-results ignored="0" total="2" passed="2" failed="0" skipped="0">
  <reporter-output>
  </reporter-output>
  <suite started-at="2025-12-23T18:51:49 IST" name=" Master Suite" finished-at="2025-12-23T18:51:58 IST" duration-ms="9478">
    <groups>
      <group name="Master">
        <method signature="TC001_AccountRegistration.verify_account_registration()[pri:0, instance:testCases.TC001_AccountRegistration@2dcd168a]" name="verify_account_registration" class="testCases.TC001_AccountRegistration"/>
        <method signature="TC002_LoginTest.verify_login()[pri:0, instance:testCases.TC002_LoginTest@62ef27a8]" name="verify_login" class="testCases.TC002_LoginTest"/>
      </group> <!-- Master -->
      <group name="Sanity">
        <method signature="TC002_LoginTest.verify_login()[pri:0, instance:testCases.TC002_LoginTest@62ef27a8]" name="verify_login" class="testCases.TC002_LoginTest"/>
      </group> <!-- Sanity -->
      <group name="Regression">
        <method signature="TC001_AccountRegistration.verify_account_registration()[pri:0, instance:testCases.TC001_AccountRegistration@2dcd168a]" name="verify_account_registration" class="testCases.TC001_AccountRegistration"/>
      </group> <!-- Regression -->
    </groups>
    <test started-at="2025-12-23T18:51:49 IST" name="Test" finished-at="2025-12-23T18:51:58 IST" duration-ms="9478">
      <class name="testCases.TC002_LoginTest">
        <test-method is-config="true" signature="setup(java.lang.String,java.lang.String)[pri:0, instance:testCases.TC002_LoginTest@62ef27a8]" started-at="2025-12-23T18:51:54 IST" name="setup" finished-at="2025-12-23T18:51:57 IST" duration-ms="2270" status="PASS">
          <params>
            <param index="0">
              <value>
                <![CDATA[Windows]]>
              </value>
            </param>
            <param index="1">
              <value>
                <![CDATA[chrome]]>
              </value>
            </param>
          </params>
          <reporter-output>
          </reporter-output>
        </test-method> <!-- setup -->
        <test-method signature="verify_login()[pri:0, instance:testCases.TC002_LoginTest@62ef27a8]" started-at="2025-12-23T18:51:57 IST" name="verify_login" finished-at="2025-12-23T18:51:58 IST" duration-ms="1510" status="PASS">
          <reporter-output>
          </reporter-output>
        </test-method> <!-- verify_login -->
        <test-method is-config="true" signature="tearDown()[pri:0, instance:testCases.TC002_LoginTest@62ef27a8]" started-at="2025-12-23T18:51:58 IST" name="tearDown" finished-at="2025-12-23T18:51:58 IST" duration-ms="250" status="PASS">
          <reporter-output>
          </reporter-output>
        </test-method> <!-- tearDown -->
      </class> <!-- testCases.TC002_LoginTest -->
      <class name="testCases.TC001_AccountRegistration">
        <test-method is-config="true" signature="setup(java.lang.String,java.lang.String)[pri:0, instance:testCases.TC001_AccountRegistration@2dcd168a]" started-at="2025-12-23T18:51:49 IST" name="setup" finished-at="2025-12-23T18:51:52 IST" duration-ms="2600" status="PASS">
          <params>
            <param index="0">
              <value>
                <![CDATA[Windows]]>
              </value>
            </param>
            <param index="1">
              <value>
                <![CDATA[chrome]]>
              </value>
            </param>
          </params>
          <reporter-output>
          </reporter-output>
        </test-method> <!-- setup -->
        <test-method signature="verify_account_registration()[pri:0, instance:testCases.TC001_AccountRegistration@2dcd168a]" started-at="2025-12-23T18:51:52 IST" name="verify_account_registration" finished-at="2025-12-23T18:51:54 IST" duration-ms="2271" status="PASS">
          <reporter-output>
          </reporter-output>
        </test-method> <!-- verify_account_registration -->
        <test-method is-config="true" signature="tearDown()[pri:0, instance:testCases.TC001_AccountRegistration@2dcd168a]" started-at="2025-12-23T18:51:54 IST" name="tearDown" finished-at="2025-12-23T18:51:54 IST" duration-ms="272" status="PASS">
          <reporter-output>
          </reporter-output>
        </test-method> <!-- tearDown -->
      </class> <!-- testCases.TC001_AccountRegistration -->
    </test> <!-- Test -->
  </suite> <!--  Master Suite -->
</testng-results>
